runtime: marked free object in span 0x918e448, elemsize=24 freeindex=0 (bad use of unsafe.Pointer? try -d=checkptr)
0xc000526000 free  unmarked
0xc000526018 free  unmarked
0xc000526030 alloc marked  
0xc000526048 free  unmarked
0xc000526060 free  unmarked
0xc000526078 free  unmarked
0xc000526090 free  unmarked
0xc0005260a8 alloc marked  
0xc0005260c0 free  unmarked
0xc0005260d8 free  unmarked
0xc0005260f0 alloc marked  
0xc000526108 free  unmarked
0xc000526120 free  unmarked
0xc000526138 free  unmarked
0xc000526150 free  unmarked
0xc000526168 alloc marked  
0xc000526180 free  unmarked
0xc000526198 free  unmarked
0xc0005261b0 alloc marked  
0xc0005261c8 free  unmarked
0xc0005261e0 free  unmarked
0xc0005261f8 free  unmarked
0xc000526210 free  unmarked
0xc000526228 alloc marked  
0xc000526240 free  unmarked
0xc000526258 free  unmarked
0xc000526270 alloc marked  
0xc000526288 free  unmarked
0xc0005262a0 free  unmarked
0xc0005262b8 free  unmarked
0xc0005262d0 free  unmarked
0xc0005262e8 alloc marked  
0xc000526300 free  unmarked
0xc000526318 free  unmarked
0xc000526330 alloc marked  
0xc000526348 free  unmarked
0xc000526360 free  unmarked
0xc000526378 free  unmarked
0xc000526390 free  unmarked
0xc0005263a8 alloc marked  
0xc0005263c0 free  unmarked
0xc0005263d8 free  unmarked
0xc0005263f0 alloc marked  
0xc000526408 free  unmarked
0xc000526420 free  unmarked
0xc000526438 free  unmarked
0xc000526450 free  unmarked
0xc000526468 alloc marked  
0xc000526480 free  unmarked
0xc000526498 free  unmarked
0xc0005264b0 alloc marked  
0xc0005264c8 free  unmarked
0xc0005264e0 free  unmarked
0xc0005264f8 free  unmarked
0xc000526510 free  unmarked
0xc000526528 alloc marked  
0xc000526540 free  unmarked
0xc000526558 free  unmarked
0xc000526570 alloc marked  
0xc000526588 free  unmarked
0xc0005265a0 free  unmarked
0xc0005265b8 free  unmarked
0xc0005265d0 free  unmarked
0xc0005265e8 alloc marked  
0xc000526600 free  unmarked
0xc000526618 free  unmarked
0xc000526630 alloc marked  
0xc000526648 free  unmarked
0xc000526660 free  unmarked
0xc000526678 free  unmarked
0xc000526690 free  unmarked
0xc0005266a8 alloc marked  
0xc0005266c0 free  unmarked
0xc0005266d8 free  unmarked
0xc0005266f0 alloc marked  
0xc000526708 free  unmarked
0xc000526720 free  unmarked
0xc000526738 free  unmarked
0xc000526750 free  unmarked
0xc000526768 alloc marked  
0xc000526780 free  unmarked
0xc000526798 free  unmarked
0xc0005267b0 alloc marked  
0xc0005267c8 free  unmarked
0xc0005267e0 free  unmarked
0xc0005267f8 free  unmarked
0xc000526810 free  unmarked
0xc000526828 alloc marked  
0xc000526840 free  unmarked
0xc000526858 free  unmarked
0xc000526870 alloc marked  
0xc000526888 free  unmarked
0xc0005268a0 free  unmarked
0xc0005268b8 free  unmarked
0xc0005268d0 free  unmarked
0xc0005268e8 alloc marked  
0xc000526900 free  unmarked
0xc000526918 free  unmarked
0xc000526930 alloc marked  
0xc000526948 free  unmarked
0xc000526960 free  unmarked
0xc000526978 free  unmarked
0xc000526990 free  unmarked
0xc0005269a8 alloc marked  
0xc0005269c0 free  unmarked
0xc0005269d8 free  unmarked
0xc0005269f0 alloc marked  
0xc000526a08 free  unmarked
0xc000526a20 free  unmarked
0xc000526a38 free  unmarked
0xc000526a50 free  unmarked
0xc000526a68 alloc marked  
0xc000526a80 free  unmarked
0xc000526a98 free  unmarked
0xc000526ab0 alloc marked  
0xc000526ac8 free  unmarked
0xc000526ae0 free  unmarked
0xc000526af8 free  unmarked
0xc000526b10 free  unmarked
0xc000526b28 alloc marked  
0xc000526b40 free  unmarked
0xc000526b58 free  unmarked
0xc000526b70 alloc marked  
0xc000526b88 free  unmarked
0xc000526ba0 free  unmarked
0xc000526bb8 free  unmarked
0xc000526bd0 free  unmarked
0xc000526be8 alloc marked  
0xc000526c00 free  unmarked
0xc000526c18 free  unmarked
0xc000526c30 alloc marked  
0xc000526c48 free  unmarked
0xc000526c60 free  unmarked
0xc000526c78 free  unmarked
0xc000526c90 free  unmarked
0xc000526ca8 alloc marked  
0xc000526cc0 free  unmarked
0xc000526cd8 free  unmarked
0xc000526cf0 alloc marked  
0xc000526d08 free  unmarked
0xc000526d20 free  unmarked
0xc000526d38 free  unmarked
0xc000526d50 free  unmarked
0xc000526d68 alloc marked  
0xc000526d80 free  unmarked
0xc000526d98 free  unmarked
0xc000526db0 alloc marked  
0xc000526dc8 free  unmarked
0xc000526de0 free  unmarked
0xc000526df8 free  unmarked
0xc000526e10 free  unmarked
0xc000526e28 alloc marked  
0xc000526e40 free  unmarked
0xc000526e58 free  unmarked
0xc000526e70 alloc marked  
0xc000526e88 free  unmarked
0xc000526ea0 free  unmarked
0xc000526eb8 free  unmarked
0xc000526ed0 free  unmarked
0xc000526ee8 alloc marked  
0xc000526f00 free  unmarked
0xc000526f18 free  unmarked
0xc000526f30 alloc marked  
0xc000526f48 free  unmarked
0xc000526f60 free  unmarked
0xc000526f78 free  unmarked
0xc000526f90 free  unmarked
0xc000526fa8 alloc marked  
0xc000526fc0 free  unmarked
0xc000526fd8 free  unmarked
0xc000526ff0 alloc marked  
0xc000527008 free  unmarked
0xc000527020 free  unmarked
0xc000527038 free  unmarked
0xc000527050 free  unmarked
0xc000527068 free  marked   zombie
000000c000527068:  000000c000533700  0000000000000003 
000000c000527078:  0000000000000010 
0xc000527080 free  unmarked
0xc000527098 alloc unmarked
0xc0005270b0 alloc marked  
0xc0005270c8 alloc unmarked
0xc0005270e0 alloc unmarked
0xc0005270f8 alloc unmarked
0xc000527110 alloc unmarked
0xc000527128 alloc marked  
0xc000527140 alloc unmarked
0xc000527158 alloc unmarked
0xc000527170 alloc marked  
0xc000527188 alloc unmarked
0xc0005271a0 alloc unmarked
0xc0005271b8 alloc unmarked
0xc0005271d0 alloc unmarked
0xc0005271e8 alloc marked  
0xc000527200 alloc unmarked
0xc000527218 alloc unmarked
0xc000527230 alloc marked  
0xc000527248 alloc unmarked
0xc000527260 alloc unmarked
0xc000527278 alloc unmarked
0xc000527290 alloc unmarked
0xc0005272a8 alloc marked  
0xc0005272c0 alloc unmarked
0xc0005272d8 alloc unmarked
0xc0005272f0 alloc marked  
0xc000527308 alloc unmarked
0xc000527320 alloc unmarked
0xc000527338 alloc unmarked
0xc000527350 alloc unmarked
0xc000527368 alloc marked  
0xc000527380 alloc unmarked
0xc000527398 alloc unmarked
0xc0005273b0 alloc marked  
0xc0005273c8 alloc unmarked
0xc0005273e0 alloc unmarked
0xc0005273f8 alloc unmarked
0xc000527410 alloc unmarked
0xc000527428 alloc marked  
0xc000527440 alloc unmarked
0xc000527458 alloc unmarked
0xc000527470 alloc marked  
0xc000527488 alloc unmarked
0xc0005274a0 alloc unmarked
0xc0005274b8 alloc unmarked
0xc0005274d0 alloc unmarked
0xc0005274e8 alloc marked  
0xc000527500 alloc unmarked
0xc000527518 alloc unmarked
0xc000527530 alloc marked  
0xc000527548 alloc unmarked
0xc000527560 alloc unmarked
0xc000527578 alloc unmarked
0xc000527590 alloc unmarked
0xc0005275a8 alloc marked  
0xc0005275c0 alloc unmarked
0xc0005275d8 alloc unmarked
0xc0005275f0 alloc marked  
0xc000527608 alloc unmarked
0xc000527620 alloc unmarked
0xc000527638 alloc unmarked
0xc000527650 alloc unmarked
0xc000527668 alloc marked  
0xc000527680 alloc unmarked
0xc000527698 alloc unmarked
0xc0005276b0 alloc marked  
0xc0005276c8 alloc unmarked
0xc0005276e0 alloc unmarked
0xc0005276f8 alloc unmarked
0xc000527710 alloc unmarked
0xc000527728 alloc marked  
0xc000527740 alloc unmarked
0xc000527758 alloc unmarked
0xc000527770 alloc marked  
0xc000527788 alloc unmarked
0xc0005277a0 alloc unmarked
0xc0005277b8 alloc unmarked
0xc0005277d0 alloc unmarked
0xc0005277e8 alloc marked  
0xc000527800 alloc unmarked
0xc000527818 alloc unmarked
0xc000527830 alloc marked  
0xc000527848 alloc unmarked
0xc000527860 alloc unmarked
0xc000527878 alloc unmarked
0xc000527890 alloc unmarked
0xc0005278a8 alloc marked  
0xc0005278c0 alloc unmarked
0xc0005278d8 alloc unmarked
0xc0005278f0 alloc marked  
0xc000527908 alloc unmarked
0xc000527920 alloc unmarked
0xc000527938 alloc unmarked
0xc000527950 alloc unmarked
0xc000527968 alloc marked  
0xc000527980 alloc unmarked
0xc000527998 alloc unmarked
0xc0005279b0 alloc marked  
0xc0005279c8 alloc unmarked
0xc0005279e0 alloc unmarked
0xc0005279f8 alloc unmarked
0xc000527a10 alloc unmarked
0xc000527a28 alloc marked  
0xc000527a40 alloc unmarked
0xc000527a58 alloc unmarked
0xc000527a70 alloc marked  
0xc000527a88 alloc unmarked
0xc000527aa0 alloc unmarked
0xc000527ab8 alloc unmarked
0xc000527ad0 alloc unmarked
0xc000527ae8 alloc marked  
0xc000527b00 alloc unmarked
0xc000527b18 alloc unmarked
0xc000527b30 alloc marked  
0xc000527b48 alloc unmarked
0xc000527b60 alloc unmarked
0xc000527b78 alloc unmarked
0xc000527b90 alloc unmarked
0xc000527ba8 alloc marked  
0xc000527bc0 alloc unmarked
0xc000527bd8 alloc unmarked
0xc000527bf0 alloc marked  
0xc000527c08 alloc unmarked
0xc000527c20 alloc unmarked
0xc000527c38 alloc unmarked
0xc000527c50 alloc unmarked
0xc000527c68 alloc marked  
0xc000527c80 alloc unmarked
0xc000527c98 alloc unmarked
0xc000527cb0 alloc marked  
0xc000527cc8 alloc unmarked
0xc000527ce0 alloc unmarked
0xc000527cf8 alloc unmarked
0xc000527d10 alloc unmarked
0xc000527d28 alloc marked  
0xc000527d40 alloc unmarked
0xc000527d58 alloc unmarked
0xc000527d70 alloc marked  
0xc000527d88 alloc unmarked
0xc000527da0 alloc unmarked
0xc000527db8 alloc unmarked
0xc000527dd0 alloc unmarked
0xc000527de8 alloc marked  
0xc000527e00 alloc unmarked
0xc000527e18 alloc unmarked
0xc000527e30 alloc marked  
0xc000527e48 alloc unmarked
0xc000527e60 alloc unmarked
0xc000527e78 alloc unmarked
0xc000527e90 alloc unmarked
0xc000527ea8 alloc marked  
0xc000527ec0 alloc unmarked
0xc000527ed8 alloc unmarked
0xc000527ef0 alloc marked  
0xc000527f08 alloc unmarked
0xc000527f20 alloc unmarked
0xc000527f38 alloc unmarked
0xc000527f50 alloc unmarked
0xc000527f68 alloc marked  
0xc000527f80 alloc unmarked
0xc000527f98 alloc unmarked
0xc000527fb0 alloc marked  
0xc000527fc8 alloc unmarked
0xc000527fe0 alloc unmarked
fatal error: found pointer to free object

goroutine 3 [running]:
runtime.throw(0x1372a97, 0x1c)
	runtime/panic.go:1117 +0x72 fp=0xc0000515e0 sp=0xc0000515b0 pc=0x1034392
runtime.(*mspan).reportZombies(0x918e448)
	runtime/mgcsweep.go:614 +0x376 fp=0xc000051660 sp=0xc0000515e0 pc=0x1024b56
runtime.(*mspan).sweep(0x918e448, 0x918e400, 0x105d400)
	runtime/mgcsweep.go:447 +0x473 fp=0xc000051740 sp=0xc000051660 pc=0x1023fb3
runtime.sweepone(0x137aa88)
	runtime/mgcsweep.go:229 +0x28d fp=0xc0000517a8 sp=0xc000051740 pc=0x102390d
runtime.bgsweep(0xc000026070)
	runtime/mgcsweep.go:166 +0xbe fp=0xc0000517d8 sp=0xc0000517a8 pc=0x10235be
runtime.goexit()
	runtime/asm_amd64.s:1371 +0x1 fp=0xc0000517e0 sp=0xc0000517d8 pc=0x10668e1
created by runtime.gcenable
	runtime/mgc.go:217 +0x5c

goroutine 1 [runnable]:
syscall.syscall(0x1072da0, 0x4, 0xc000541e87, 0x9, 0x9, 0x0, 0x0)
	runtime/sys_darwin.go:19 +0x2e
syscall.read(0x4, 0xc000541e87, 0x9, 0x9, 0x18, 0x18, 0x0)
	syscall/zsyscall_darwin_amd64.go:1242 +0x66
syscall.Read(...)
	syscall/syscall_unix.go:187
go-fuzz-dep.FD.read(...)
	go-fuzz-dep/sys_posix.go:27
go-fuzz-dep.read(0x4, 0xc000541f18, 0x3)
	go-fuzz-dep/main.go:47 +0x8b
go-fuzz-dep.Main(0xc000541f70, 0x1, 0x1)
	go-fuzz-dep/main.go:26 +0x253
main.main()
	sfuzz/go.fuzz.main/main.go:15 +0x52
exit status 2